#61e43c05230b74425dd1dfcf# BOSS youssef el bakkouri POST 200 /manager/add 61e5d2dfa1bc910186efc09a managger || 17/Jan/2022:20:34:40 +0000
#61e43c05230b74425dd1dfcf# BOSS youssef el bakkouri POST 500 /manager/add - - || 17/Jan/2022:20:37:40 +0000
#61e43c05230b74425dd1dfcf# BOSS youssef el bakkouri POST 200 /manager/add 61e5d3a4654fce2ecc4ba2d2 ahmed || 17/Jan/2022:20:37:57 +0000
#-# - - POST 500 /supervisor/add - - || 17/Jan/2022:21:20:49 +0000
#-# - - GET 500 /auth/token - - || 17/Jan/2022:21:21:33 +0000
#-# - - GET 500 /auth/token - - || 17/Jan/2022:21:23:18 +0000
#-# - - GET 500 /auth/token - - || 17/Jan/2022:21:24:23 +0000
#61e43c05230b74425dd1dfcf# - youssef el bakkouri POST 200 /Auth/login - - || 17/Jan/2022:21:24:32 +0000
#-# - - GET 200 /auth/token - - || 17/Jan/2022:21:24:41 +0000
#61e43c05230b74425dd1dfcf# BOSS youssef el bakkouri POST 200 /manager/add 61e5deafb0c8f822a2b01f00 ahmed || 17/Jan/2022:21:25:04 +0000
#-# - - POST 200 /Auth/login - - || 17/Jan/2022:21:25:57 +0000
#-# - - POST 200 /Auth/login - - || 17/Jan/2022:21:26:11 +0000
#61e5deafb0c8f822a2b01f00# - ahmed POST 200 /Auth/login - - || 17/Jan/2022:21:26:26 +0000
#61e5deafb0c8f822a2b01f00# MANAGER ahmed POST 200 /supervisor/add 61e5df395d3b049cd98cf855 walid || 17/Jan/2022:21:27:22 +0000
#-# - - POST 200 /Auth/login - - || 17/Jan/2022:21:28:42 +0000
#-# - - POST 200 /Auth/login - - || 17/Jan/2022:21:29:00 +0000
#-# - - POST 200 /Auth/login - - || 18/Jan/2022:10:40:28 +0000
#-# - - POST 500 /Auth/login - - || 18/Jan/2022:10:41:42 +0000
#-# - - POST 404 /Auth/login - - || 18/Jan/2022:10:42:08 +0000
#-# - - POST 404 /Auth/login - - || 18/Jan/2022:10:42:22 +0000
#-# - - POST 404 /Auth/login - - || 18/Jan/2022:10:42:39 +0000
#61e5df395d3b049cd98cf855# - walid POST 200 /Auth/login - - || 18/Jan/2022:10:45:05 +0000
#-# - - POST 401 /Auth/login - - || 18/Jan/2022:10:45:11 +0000
#61e5df395d3b049cd98cf855# - walid POST 200 /Auth/login - - || 18/Jan/2022:10:45:37 +0000
#-# - - POST 500 /driver/add - - || 18/Jan/2022:10:52:18 +0000
#-# - - POST 500 /driver/add - - || 18/Jan/2022:10:52:39 +0000
#61e5deafb0c8f822a2b01f00# - ahmed POST 200 /Auth/login - - || 18/Jan/2022:10:54:11 +0000
#61e5deafb0c8f822a2b01f00# MANAGER ahmed POST 500 /driver/add - - || 18/Jan/2022:10:54:21 +0000
#61e5deafb0c8f822a2b01f00# MANAGER ahmed POST - /driver/add - - || 18/Jan/2022:11:02:52 +0000
#61e5deafb0c8f822a2b01f00# MANAGER ahmed POST 200 /driver/add 61e69f7673eb567aaf467984 Driver 1 || 18/Jan/2022:11:07:35 +0000
#61e69f7673eb567aaf467984# - Driver 1 POST 200 /Auth/login - - || 18/Jan/2022:11:08:22 +0000
#-# - - GET 304 / - - || 18/Jan/2022:11:15:52 +0000
#-# - - GET 304 /favicon.ico - - || 18/Jan/2022:11:15:54 +0000
#-# - - GET 304 /favicon.ico - - || 18/Jan/2022:11:15:55 +0000
#-# - - GET 500 /supervisor/all - - || 18/Jan/2022:12:35:57 +0000
#-# - - GET 500 /supervisor/all - - || 18/Jan/2022:12:36:12 +0000
#61e69f7673eb567aaf467984# - Driver 1 POST 200 /Auth/login - - || 18/Jan/2022:12:36:20 +0000
#61e5deafb0c8f822a2b01f00# - ahmed POST 200 /Auth/login - - || 18/Jan/2022:12:36:59 +0000
#61e5deafb0c8f822a2b01f00# MANAGER ahmed GET 500 /supervisor/all - - || 18/Jan/2022:12:37:32 +0000
#61e5deafb0c8f822a2b01f00# MANAGER ahmed GET 200 /supervisor/all - - || 18/Jan/2022:12:38:12 +0000
#61e69f7673eb567aaf467984# - Driver 1 POST 200 /Auth/login - - || 18/Jan/2022:12:41:22 +0000
#61e5df395d3b049cd98cf855# - walid POST 200 /Auth/login - - || 18/Jan/2022:12:41:59 +0000
#-# - - GET 403 /driver/all - - || 18/Jan/2022:12:42:37 +0000
#-# - - GET 403 /driver/all - - || 18/Jan/2022:12:42:54 +0000
#-# - - GET 403 /driver/all - - || 18/Jan/2022:12:43:30 +0000
#-# - - GET 403 /driver/all - - || 18/Jan/2022:12:43:34 +0000
#-# - - GET 403 /driver/all - - || 18/Jan/2022:12:43:48 +0000
#61e5df395d3b049cd98cf855# - walid POST 200 /Auth/login - - || 18/Jan/2022:12:46:15 +0000
#-# - - GET 500 /driver/all - - || 18/Jan/2022:12:46:24 +0000
#-# - - GET 500 /driver/all - - || 18/Jan/2022:12:47:13 +0000
#61e5df395d3b049cd98cf855# - walid POST 200 /Auth/login - - || 18/Jan/2022:12:48:13 +0000
#-# - - GET 500 /driver/all - - || 18/Jan/2022:12:48:25 +0000
#61e5df395d3b049cd98cf855# SUPERVISOR walid GET 200 /driver/all - - || 18/Jan/2022:12:49:11 +0000
#-# - - POST 500 /ship/add - - || 19/Jan/2022:13:04:35 +0000
#-# - - POST - /ship/add - - || 19/Jan/2022:13:06:12 +0000
#-# - - POST 500 /ship/add - - || 19/Jan/2022:13:06:57 +0000
#61e5df395d3b049cd98cf855# - walid POST 200 /Auth/login - - || 19/Jan/2022:13:07:47 +0000
#61e5df395d3b049cd98cf855# SUPERVISOR walid POST 200 /ship/add - - || 19/Jan/2022:13:08:01 +0000
#61e5df395d3b049cd98cf855# SUPERVISOR walid POST 200 /ship/add - - || 19/Jan/2022:13:08:41 +0000
#61e5df395d3b049cd98cf855# SUPERVISOR walid POST 500 /ship/add - - || 19/Jan/2022:13:09:19 +0000
#61e5df395d3b049cd98cf855# SUPERVISOR walid POST 500 /ship/add - - || 19/Jan/2022:13:10:06 +0000
#61e5df395d3b049cd98cf855# SUPERVISOR walid POST 200 /ship/add - - || 19/Jan/2022:13:11:18 +0000
#61e5df395d3b049cd98cf855# SUPERVISOR walid POST - /ship/add - - || 19/Jan/2022:13:12:52 +0000
#61e5df395d3b049cd98cf855# SUPERVISOR walid POST - /ship/add - - || 19/Jan/2022:13:12:59 +0000
#61e5df395d3b049cd98cf855# SUPERVISOR walid POST - /ship/add - - || 19/Jan/2022:13:13:24 +0000
#61e5df395d3b049cd98cf855# SUPERVISOR walid POST 200 /ship/add - - || 19/Jan/2022:13:14:21 +0000
#61e5df395d3b049cd98cf855# SUPERVISOR walid POST 200 /ship/add - - || 19/Jan/2022:13:14:52 +0000
#61e5df395d3b049cd98cf855# SUPERVISOR walid POST 200 /ship/add - - || 19/Jan/2022:15:12:25 +0000
#61e5df395d3b049cd98cf855# SUPERVISOR walid POST 200 /ship/add - - || 19/Jan/2022:15:13:29 +0000
#61e5df395d3b049cd98cf855# SUPERVISOR walid POST - /ship/add - - || 19/Jan/2022:15:14:44 +0000
#61e5df395d3b049cd98cf855# SUPERVISOR walid POST 200 /ship/add - - || 19/Jan/2022:15:25:02 +0000
#61e5df395d3b049cd98cf855# SUPERVISOR walid POST 200 /ship/add - - || 19/Jan/2022:15:37:48 +0000
#61e5df395d3b049cd98cf855# SUPERVISOR walid POST 200 /ship/add - - || 19/Jan/2022:15:40:12 +0000
#61e5df395d3b049cd98cf855# SUPERVISOR walid POST 200 /ship/add - - || 19/Jan/2022:15:49:15 +0000
#61e5df395d3b049cd98cf855# SUPERVISOR walid POST 500 /ship/add - - || 19/Jan/2022:15:50:29 +0000
#61e5df395d3b049cd98cf855# SUPERVISOR walid POST 500 /ship/add - - || 19/Jan/2022:15:50:41 +0000
#61e5df395d3b049cd98cf855# SUPERVISOR walid POST 200 /ship/add - - || 19/Jan/2022:15:51:03 +0000
#61e5df395d3b049cd98cf855# SUPERVISOR walid POST 200 /ship/add - - || 19/Jan/2022:15:55:20 +0000
#61e5df395d3b049cd98cf855# SUPERVISOR walid POST 200 /ship/add - - || 19/Jan/2022:15:56:29 +0000
#61e5df395d3b049cd98cf855# SUPERVISOR walid POST 200 /ship/add - - || 19/Jan/2022:16:12:48 +0000
#61e5df395d3b049cd98cf855# SUPERVISOR walid POST 200 /ship/add - - || 19/Jan/2022:16:13:19 +0000
#61e5df395d3b049cd98cf855# SUPERVISOR walid POST 200 /ship/add - - || 19/Jan/2022:16:15:27 +0000
#61e5df395d3b049cd98cf855# SUPERVISOR walid POST 200 /ship/add - - || 19/Jan/2022:16:16:08 +0000
#61e5df395d3b049cd98cf855# SUPERVISOR walid POST 200 /ship/add - - || 19/Jan/2022:16:16:48 +0000
#61e5df395d3b049cd98cf855# SUPERVISOR walid POST 200 /ship/add - - || 19/Jan/2022:16:16:59 +0000
#61e5df395d3b049cd98cf855# SUPERVISOR walid POST 200 /ship/add - - || 19/Jan/2022:16:17:09 +0000
#61e5df395d3b049cd98cf855# SUPERVISOR walid POST 200 /ship/add - - || 19/Jan/2022:16:17:21 +0000
#61e5df395d3b049cd98cf855# SUPERVISOR walid POST 200 /ship/add - - || 19/Jan/2022:16:17:27 +0000
#61e5df395d3b049cd98cf855# SUPERVISOR walid POST 200 /ship/add - - || 19/Jan/2022:16:23:18 +0000
#61e5df395d3b049cd98cf855# SUPERVISOR walid POST 200 /ship/add - - || 19/Jan/2022:16:25:38 +0000
#61e5df395d3b049cd98cf855# SUPERVISOR walid POST 200 /ship/add - - || 19/Jan/2022:16:26:44 +0000
#61e5df395d3b049cd98cf855# SUPERVISOR walid POST 200 /ship/add - - || 19/Jan/2022:16:29:54 +0000
#-# - - GET 200 / - - || 20/Jan/2022:13:52:27 +0000
#-# - - GET 200 /favicon.ico - - || 20/Jan/2022:13:52:30 +0000
#-# - - GET 304 /favicon.ico - - || 20/Jan/2022:13:52:31 +0000
#-# - - POST 500 /ship/add - - || 20/Jan/2022:13:54:13 +0000
#61e5df395d3b049cd98cf855# - walid POST 200 /Auth/login - - || 20/Jan/2022:13:54:22 +0000
#61e5df395d3b049cd98cf855# SUPERVISOR walid POST 200 /ship/add - - || 20/Jan/2022:13:54:54 +0000
#61e5df395d3b049cd98cf855# SUPERVISOR walid POST 200 /ship/add - - || 20/Jan/2022:13:55:27 +0000
#61e5df395d3b049cd98cf855# SUPERVISOR walid POST 200 /ship/add - - || 20/Jan/2022:13:56:30 +0000
#61e5df395d3b049cd98cf855# SUPERVISOR walid POST 200 /ship/add - - || 20/Jan/2022:13:56:42 +0000
#61e5df395d3b049cd98cf855# - walid POST 200 /Auth/login - - || 20/Jan/2022:14:00:36 +0000
#61e5df395d3b049cd98cf855# SUPERVISOR walid POST 200 /ship/add - - || 20/Jan/2022:14:00:50 +0000
#61e5df395d3b049cd98cf855# SUPERVISOR walid POST 200 /ship/add - - || 20/Jan/2022:14:02:25 +0000
#61e5df395d3b049cd98cf855# SUPERVISOR walid POST 200 /ship/add - - || 20/Jan/2022:14:03:46 +0000
#61e5df395d3b049cd98cf855# SUPERVISOR walid POST 200 /ship/add - - || 20/Jan/2022:14:04:45 +0000
#61e5df395d3b049cd98cf855# SUPERVISOR walid POST 200 /ship/add - - || 20/Jan/2022:14:05:39 +0000
#61e5df395d3b049cd98cf855# SUPERVISOR walid POST 200 /ship/add - - || 20/Jan/2022:14:06:45 +0000
#61e5df395d3b049cd98cf855# SUPERVISOR walid POST 200 /ship/add - - || 20/Jan/2022:14:09:40 +0000
#61e5df395d3b049cd98cf855# SUPERVISOR walid POST 200 /ship/add - - || 20/Jan/2022:14:12:35 +0000
#61e5df395d3b049cd98cf855# SUPERVISOR walid POST 200 /ship/add - - || 20/Jan/2022:14:14:41 +0000
#61e5df395d3b049cd98cf855# SUPERVISOR walid POST 200 /ship/add - - || 20/Jan/2022:14:15:50 +0000
#61e5df395d3b049cd98cf855# SUPERVISOR walid POST 200 /ship/add - - || 20/Jan/2022:14:16:12 +0000
#61e5df395d3b049cd98cf855# SUPERVISOR walid POST 200 /ship/add - - || 20/Jan/2022:14:17:38 +0000
#61e5df395d3b049cd98cf855# SUPERVISOR walid POST 200 /ship/add - - || 20/Jan/2022:14:22:48 +0000
#61e5df395d3b049cd98cf855# SUPERVISOR walid POST 200 /ship/add - - || 20/Jan/2022:14:22:55 +0000
#61e5df395d3b049cd98cf855# SUPERVISOR walid POST - /ship/add - - || 20/Jan/2022:14:23:56 +0000
#61e5df395d3b049cd98cf855# SUPERVISOR walid POST - /ship/add - - || 20/Jan/2022:14:24:04 +0000
#61e5df395d3b049cd98cf855# SUPERVISOR walid POST - /ship/add - - || 20/Jan/2022:14:27:23 +0000
#61e5df395d3b049cd98cf855# SUPERVISOR walid POST 404 /ship/add - - || 20/Jan/2022:14:29:30 +0000
#61e5df395d3b049cd98cf855# SUPERVISOR walid POST 404 /ship/add - - || 20/Jan/2022:14:31:24 +0000
#61e5df395d3b049cd98cf855# SUPERVISOR walid POST 404 /ship/add - - || 20/Jan/2022:14:31:44 +0000
#61e5df395d3b049cd98cf855# SUPERVISOR walid POST 200 /ship/add - - || 20/Jan/2022:14:33:08 +0000
#61e5df395d3b049cd98cf855# SUPERVISOR walid POST 404 /ship/add - - || 20/Jan/2022:14:34:47 +0000
#61e5df395d3b049cd98cf855# SUPERVISOR walid POST 404 /ship/add - - || 20/Jan/2022:14:35:00 +0000
#61e5df395d3b049cd98cf855# SUPERVISOR walid POST 200 /ship/add - - || 20/Jan/2022:14:40:01 +0000
#-# - - POST 500 /driver/add - - || 20/Jan/2022:15:32:14 +0000
#61e5df395d3b049cd98cf855# - walid POST 200 /Auth/login - - || 20/Jan/2022:15:32:21 +0000
#-# - - POST 500 /driver/add - - || 20/Jan/2022:15:32:31 +0000
#61e5df395d3b049cd98cf855# - walid POST 200 /Auth/login - - || 20/Jan/2022:15:34:04 +0000
#-# - - POST 500 /driver/add - - || 20/Jan/2022:15:34:17 +0000
#-# - - POST 404 /Auth/login - - || 20/Jan/2022:15:35:23 +0000
#-# - - POST 404 /Auth/login - - || 20/Jan/2022:15:39:07 +0000
#-# - - POST 404 /Auth/login - - || 20/Jan/2022:15:39:57 +0000
#-# - - POST 404 /Auth/login - - || 20/Jan/2022:15:40:07 +0000
#61e435be2c3ad4b1055acaa9# - youssef el bakkouri POST 200 /Auth/login - - || 20/Jan/2022:15:40:20 +0000
#61e435be2c3ad4b1055acaa9# BOSS youssef el bakkouri POST 200 /manager/add 61e9828799841d8129da341e 123 || 20/Jan/2022:15:40:56 +0000
#61e435be2c3ad4b1055acaa9# BOSS youssef el bakkouri POST 200 /manager/add 61e98445d5fba5f6df87bcc2 azzdin || 20/Jan/2022:15:48:21 +0000
#61e435be2c3ad4b1055acaa9# BOSS youssef el bakkouri POST 200 /manager/add 61e984ecd96bc9c100164f5a azzdin || 20/Jan/2022:15:51:08 +0000
#61e984ecd96bc9c100164f5a# - azzdin POST 200 /Auth/login - - || 20/Jan/2022:15:52:09 +0000
#61e984ecd96bc9c100164f5a# MANAGER azzdin POST 200 /driver/add 61e98562f74edd3fe3972b6e samir || 20/Jan/2022:15:53:06 +0000
#61e98562f74edd3fe3972b6e# - samir POST 200 /Auth/login - - || 20/Jan/2022:15:53:45 +0000
#61e5df395d3b049cd98cf855# SUPERVISOR walid POST 500 /ship/add - - || 20/Jan/2022:15:55:19 +0000
#61e5df395d3b049cd98cf855# SUPERVISOR walid POST 500 /ship/add - - || 20/Jan/2022:16:00:12 +0000
#61e5df395d3b049cd98cf855# SUPERVISOR walid POST 500 /ship/add - - || 20/Jan/2022:16:02:46 +0000
#61e5df395d3b049cd98cf855# SUPERVISOR walid POST 500 /ship/add - - || 20/Jan/2022:16:03:30 +0000
#61e5df395d3b049cd98cf855# SUPERVISOR walid POST 200 /ship/add 61e987f01a8df698f848869f - || 20/Jan/2022:16:04:00 +0000
#61e5df395d3b049cd98cf855# SUPERVISOR walid POST 200 /ship/add 61e98cfe1a8df698f84886a3 - || 20/Jan/2022:16:25:35 +0000
#61e5df395d3b049cd98cf855# SUPERVISOR walid POST 200 /ship/add 61e98d7b1a8df698f84886a7 - || 20/Jan/2022:16:27:40 +0000
#61e5df395d3b049cd98cf855# SUPERVISOR walid POST 200 /ship/add 61e98dbf1a8df698f84886ab - || 20/Jan/2022:16:28:47 +0000
#61e5df395d3b049cd98cf855# SUPERVISOR walid POST 200 /ship/add 61e98f2b49649f290986608e - || 20/Jan/2022:16:34:51 +0000
#61e5df395d3b049cd98cf855# SUPERVISOR walid POST 200 /ship/add 61e98f9f49649f2909866092 - || 20/Jan/2022:16:36:47 +0000
#61e5df395d3b049cd98cf855# SUPERVISOR walid POST 200 /ship/add 61e9908849649f2909866096 - || 20/Jan/2022:16:40:40 +0000
#61e5df395d3b049cd98cf855# SUPERVISOR walid POST 200 /ship/add 61e990c449649f290986609a - || 20/Jan/2022:16:41:40 +0000
#61e5df395d3b049cd98cf855# SUPERVISOR walid POST 200 /ship/add 61e990ed49649f290986609e - || 20/Jan/2022:16:42:21 +0000
#61e5df395d3b049cd98cf855# SUPERVISOR walid POST 200 /ship/add 61e9910c49649f29098660a2 - || 20/Jan/2022:16:42:52 +0000
#61e5df395d3b049cd98cf855# SUPERVISOR walid POST 200 /ship/add 61e9913949649f29098660a6 - || 20/Jan/2022:16:43:37 +0000
#61e5df395d3b049cd98cf855# SUPERVISOR walid POST 200 /ship/add 61e991aa49649f29098660aa - || 20/Jan/2022:16:45:30 +0000
#-# - - GET 500 /reserveDelivery/61e991aa49649f29098660aa - - || 20/Jan/2022:16:45:53 +0000
#-# - - GET 304 /favicon.ico - - || 20/Jan/2022:16:45:54 +0000
#61e5df395d3b049cd98cf855# SUPERVISOR walid POST 200 /ship/add 61e992781778d1b2cd579178 - || 20/Jan/2022:16:48:56 +0000
#-# - - GET 500 /reserveDelivery?id=61e992781778d1b2cd579178 - - || 20/Jan/2022:16:49:20 +0000
#-# - - GET 304 /favicon.ico - - || 20/Jan/2022:16:49:21 +0000
#61e5df395d3b049cd98cf855# SUPERVISOR walid POST 200 /ship/add 61e992b21778d1b2cd57917c - || 20/Jan/2022:16:49:55 +0000
#-# - - GET - /ship/reserveDelivery?id=%3C%25=%20data.command._id%20%25%3E - - || 20/Jan/2022:16:53:36 +0000
#61e5df395d3b049cd98cf855# SUPERVISOR walid POST 200 /ship/add 61e993a156498564d6ea26bf - || 20/Jan/2022:16:53:54 +0000
#-# - - GET - /ship/reserveDelivery?id=61e993a156498564d6ea26bf - - || 20/Jan/2022:16:54:56 +0000
#61e5df395d3b049cd98cf855# SUPERVISOR walid POST 200 /ship/add 61e997c49fa39ddc1ff5d1e5 - || 20/Jan/2022:17:11:32 +0000
#61e5df395d3b049cd98cf855# SUPERVISOR walid POST 200 /ship/add 61e9984c740286e82f4291ee - || 20/Jan/2022:17:13:48 +0000
#61e5df395d3b049cd98cf855# SUPERVISOR walid POST 200 /ship/add 61e9986ce5edad87bac1980d - || 20/Jan/2022:17:14:20 +0000
#-# - - GET 500 /ship/reserveDelivery?id=61e9986ce5edad87bac1980d&driver=61e98562f74edd3fe3972b6e - - || 20/Jan/2022:17:17:50 +0000
#-# - - GET 304 /favicon.ico - - || 20/Jan/2022:17:17:51 +0000
#-# - - GET 403 /ship/reserveDelivery?id=61e9986ce5edad87bac1980d&driver=61e98562f74edd3fe3972b6e - - || 20/Jan/2022:17:19:02 +0000
#-# - - GET 304 /favicon.ico - - || 20/Jan/2022:17:19:03 +0000
#-# - - GET 403 /ship/reserveDelivery?id=61e9986ce5edad87bac1980d&driver=61e98562f74edd3fe3972b6e - - || 20/Jan/2022:17:19:10 +0000
#-# - - GET 304 /favicon.ico - - || 20/Jan/2022:17:19:11 +0000
#61e5df395d3b049cd98cf855# SUPERVISOR walid POST 200 /ship/add 61e999cba469297b40ba63e5 - || 20/Jan/2022:17:20:12 +0000
#-# - - GET 200 /ship/reserveDelivery?id=61e999cba469297b40ba63e5&driver=61e98562f74edd3fe3972b6e - - || 20/Jan/2022:17:20:50 +0000
#-# - - GET 304 /favicon.ico - - || 20/Jan/2022:17:20:51 +0000
#-# - - GET 403 /ship/reserveDelivery?id=61e999cba469297b40ba63e5&driver=61e98562f74edd3fe3972b6e - - || 20/Jan/2022:17:20:58 +0000
#-# - - GET 304 /favicon.ico - - || 20/Jan/2022:17:20:59 +0000
#61e5df395d3b049cd98cf855# SUPERVISOR walid POST 200 /ship/add 61e99ac28eded5909297a6e4 - || 20/Jan/2022:17:24:18 +0000
#-# - - GET 500 /ship/reserveDelivery?id=61e99ac28eded5909297a6e4&driver=61e98562f74edd3fe3972b6e - - || 20/Jan/2022:17:24:43 +0000
#-# - - GET 304 /favicon.ico - - || 20/Jan/2022:17:24:43 +0000
#-# - - GET 200 /ship/reserveDelivery?id=61e99ac28eded5909297a6e4&driver=61e98562f74edd3fe3972b6e - - || 20/Jan/2022:17:25:10 +0000
#-# - - GET 304 /favicon.ico - - || 20/Jan/2022:17:25:11 +0000
#-# - - GET 403 /ship/reserveDelivery?id=61e99ac28eded5909297a6e4&driver=61e98562f74edd3fe3972b6e - - || 20/Jan/2022:17:25:14 +0000
#-# - - GET 304 /favicon.ico - - || 20/Jan/2022:17:25:14 +0000
#61e5df395d3b049cd98cf855# SUPERVISOR walid POST 200 /ship/add 61e99bb86a127d938892471d - || 20/Jan/2022:17:28:25 +0000
#-# - - GET 200 /ship/reserveDelivery?id=61e99bb86a127d938892471d&driver=61e98562f74edd3fe3972b6e - - || 20/Jan/2022:17:28:54 +0000
#-# - - GET 304 /favicon.ico - - || 20/Jan/2022:17:28:55 +0000
#61e5df395d3b049cd98cf855# SUPERVISOR walid POST 200 /ship/add 61e99d4b6a127d9388924724 - || 20/Jan/2022:17:35:07 +0000
#-# - - GET 200 /ship/reserveDelivery?id=61e99d4b6a127d9388924724&driver=61e98562f74edd3fe3972b6e - - || 20/Jan/2022:17:35:34 +0000
#-# - - GET 304 /favicon.ico - - || 20/Jan/2022:17:35:35 +0000
#-# - - GET 500 /ship/reserveDelivery?id=61e99d4b6a127d9389924724&driver=61e98562f74edd3fe3972b6e - - || 20/Jan/2022:17:36:55 +0000
#-# - - GET 304 /favicon.ico - - || 20/Jan/2022:17:36:56 +0000
#-# - - GET 500 /ship/reserveDelivery?id=61e99d4b6a127d9389924724&driver=61e98562f74edd3fe3972b6e - - || 20/Jan/2022:17:37:15 +0000
#-# - - GET 304 /favicon.ico - - || 20/Jan/2022:17:37:16 +0000
#-# - - GET 500 /driver/calcule - - || 22/Jan/2022:12:06:30 +0000
#-# - - GET 200 /driver/calcule - - || 22/Jan/2022:12:23:24 +0000
#-# - - GET 200 /driver/calcule - - || 22/Jan/2022:12:25:06 +0000
#-# - - GET 200 /driver/calcule - - || 22/Jan/2022:12:25:21 +0000
#-# - - GET 200 /driver/calcule - - || 22/Jan/2022:12:25:58 +0000
#-# - - GET 200 /driver/calcule - - || 22/Jan/2022:12:26:18 +0000
#-# - - GET 200 /driver/calcule - - || 22/Jan/2022:12:27:17 +0000
#-# - - GET 200 /driver/calcule - - || 22/Jan/2022:12:27:37 +0000
#-# - - GET 200 /driver/calcule - - || 22/Jan/2022:12:27:58 +0000
#-# - - GET 200 /driver/calcule - - || 22/Jan/2022:12:28:11 +0000
#-# - - GET 200 /driver/calcule - - || 22/Jan/2022:12:28:43 +0000
#-# - - GET 500 /driver/calcule - - || 22/Jan/2022:12:29:24 +0000
#-# - - GET 200 /driver/calcule - - || 22/Jan/2022:12:29:58 +0000
#-# - - GET 200 /driver/calcule - - || 22/Jan/2022:12:31:10 +0000
#-# - - GET 200 /driver/calcule - - || 22/Jan/2022:12:31:22 +0000
#-# - - GET 200 /driver/calcule - - || 22/Jan/2022:12:31:34 +0000
#-# - - GET 500 /driver/calcule - - || 22/Jan/2022:12:32:46 +0000
#-# - - GET 500 /driver/calcule - - || 22/Jan/2022:12:33:06 +0000
#-# - - GET 500 /driver/calcule - - || 22/Jan/2022:12:33:08 +0000
#-# - - GET 200 /driver/calcule - - || 22/Jan/2022:12:33:43 +0000
#-# - - GET 200 /driver/calcule - - || 22/Jan/2022:12:33:45 +0000
#-# - - GET 500 /driver/calcule - - || 22/Jan/2022:12:33:56 +0000
#-# - - GET 500 /driver/calcule - - || 22/Jan/2022:12:34:12 +0000
#-# - - GET 500 /driver/calcule - - || 22/Jan/2022:12:34:56 +0000
#-# - - GET 500 /driver/calcule - - || 22/Jan/2022:12:35:24 +0000
#-# - - GET 200 /driver/calcule - - || 22/Jan/2022:12:35:33 +0000
#-# - - GET 200 /driver/calcule - - || 22/Jan/2022:12:37:57 +0000
#-# - - GET 200 /driver/calcule - - || 22/Jan/2022:12:38:27 +0000
#-# - - GET 500 /driver/calcule - - || 22/Jan/2022:12:38:52 +0000
#-# - - GET 500 /driver/calcule - - || 22/Jan/2022:12:39:49 +0000
#-# - - GET 500 /driver/calcule - - || 22/Jan/2022:12:42:05 +0000
#-# - - GET 200 /driver/calcule - - || 22/Jan/2022:12:43:18 +0000
#-# - - GET 200 /driver/calcule - - || 22/Jan/2022:12:44:24 +0000
#-# - - GET 500 /driver/calcule - - || 22/Jan/2022:12:45:00 +0000
#-# - - GET 200 /driver/calcule - - || 22/Jan/2022:12:45:13 +0000
#-# - - GET 200 /driver/calcule - - || 22/Jan/2022:12:48:09 +0000
#-# - - GET 200 /driver/calcule - - || 22/Jan/2022:12:50:04 +0000
#-# - - GET 200 /driver/calcule - - || 22/Jan/2022:12:50:07 +0000
#-# - - GET 200 /driver/calcule - - || 22/Jan/2022:12:50:28 +0000
#-# - - GET 200 /driver/calcule - - || 22/Jan/2022:12:52:44 +0000
#-# - - GET 500 /driver/calcule - - || 22/Jan/2022:12:53:31 +0000
#-# - - GET 200 /driver/calcule - - || 22/Jan/2022:12:54:04 +0000
#-# - - GET 200 /driver/calcule - - || 22/Jan/2022:12:54:29 +0000
#-# - - GET 200 /driver/calcule - - || 22/Jan/2022:13:07:29 +0000
#61e435be2c3ad4b1055acaa9# - youssef el bakkouri POST 200 /Auth/login - - || 22/Jan/2022:15:32:27 +0000
#61e435be2c3ad4b1055acaa9# BOSS youssef el bakkouri POST 200 /manager/add 61ec23b14286c7f3daa0aa5e othman || 22/Jan/2022:15:33:05 +0000
#61e435be2c3ad4b1055acaa9# BOSS youssef el bakkouri POST 200 /manager/add 61ec242acddc634350dc63bf othman || 22/Jan/2022:15:35:06 +0000
